<?xml version="1.0" encoding="UTF-8"?>
<!-- Generated by org.testng.reporters.JUnitReportReporter -->
<testsuite hostname="Anshana" failures="0" tests="2" name="executePageClasses.FindAPatientTestClass" time="42.382" errors="0" timestamp="2024-01-16T11:07:53 IST" skipped="0">
  <testcase classname="executePageClasses.FindAPatientTestClass" name="verifyToFindAPatient" time="24.080"/>
  <testcase classname="executePageClasses.FindAPatientTestClass" name="verifyToFindAPatient" time="18.302"/>
</testsuite> <!-- executePageClasses.FindAPatientTestClass -->
