<?xml version="1.0" encoding="UTF-8"?>
<!-- Generated by org.testng.reporters.JUnitReportReporter -->
<testsuite hostname="Anshana" failures="0" tests="5" name="executePageClasses.LoginPageTestClass" time="48.199" errors="0" timestamp="2024-01-19T14:33:05 IST" skipped="0">
  <testcase classname="executePageClasses.LoginPageTestClass" name="verifyThePageOpenWhileHittingUrl" time="7.544"/>
  <testcase classname="executePageClasses.LoginPageTestClass" name="verifySuccessfulLogin" time="14.752"/>
  <testcase classname="executePageClasses.LoginPageTestClass" name="verifyUnSuccessfulLogin" time="10.548"/>
  <testcase classname="executePageClasses.LoginPageTestClass" name="verifyUnSuccessfulLogin" time="7.814"/>
  <testcase classname="executePageClasses.LoginPageTestClass" name="verifyUnSuccessfulLogin" time="7.541"/>
</testsuite> <!-- executePageClasses.LoginPageTestClass -->
