<?xml version="1.0" encoding="UTF-8"?>
<!-- Generated by org.testng.reporters.JUnitReportReporter -->
<testsuite hostname="Anshana" failures="0" tests="4" name="executePageClasses.RegisterAPatientTestClass" time="92.073" errors="0" timestamp="2024-01-18T23:01:44 IST" skipped="0">
  <testcase classname="executePageClasses.RegisterAPatientTestClass" name="verifyThePatientIsNotInActivevisitAfterEndVisit" time="25.509"/>
  <testcase classname="executePageClasses.RegisterAPatientTestClass" name="verifyRegisterAPatientSuccessfully" time="18.766"/>
  <testcase classname="executePageClasses.RegisterAPatientTestClass" name="verifyRegisterAPatientSuccessfully" time="20.060"/>
  <testcase classname="executePageClasses.RegisterAPatientTestClass" name="verifyThePatientIsNotInActivevisitAfterEndVisit" time="27.738"/>
</testsuite> <!-- executePageClasses.RegisterAPatientTestClass -->
