<?xml version="1.0" encoding="UTF-8"?>
<!-- Generated by org.testng.reporters.JUnitReportReporter -->
<testsuite hostname="Anshana" failures="0" tests="4" name="executePageClasses.HomePageTestClass" time="46.709" errors="0" timestamp="2024-01-16T11:07:53 IST" skipped="0">
  <testcase classname="executePageClasses.HomePageTestClass" name="verifyAllTilesAreDisplayedInHomePage" time="7.952"/>
  <testcase classname="executePageClasses.HomePageTestClass" name="verifySuccessfulLogoutFromHomePage" time="19.179"/>
  <testcase classname="executePageClasses.HomePageTestClass" name="verifyAllTilesAreDisplayedInHomePage" time="9.187"/>
  <testcase classname="executePageClasses.HomePageTestClass" name="verifySuccessfulLogoutFromHomePage" time="10.391"/>
</testsuite> <!-- executePageClasses.HomePageTestClass -->
