<?xml version="1.0" encoding="UTF-8"?>
<!-- Generated by org.testng.reporters.JUnitReportReporter -->
<testsuite hostname="Anshana" failures="0" tests="10" name="executePageClasses.LoginPageTestClass" time="101.782" errors="0" timestamp="2024-01-16T11:07:53 IST" skipped="0">
  <testcase classname="executePageClasses.LoginPageTestClass" name="verifyThePageOpenWhileHittingUrl" time="7.050"/>
  <testcase classname="executePageClasses.LoginPageTestClass" name="verifyThePageOpenWhileHittingUrl" time="7.195"/>
  <testcase classname="executePageClasses.LoginPageTestClass" name="verifySuccessfulLogin" time="9.549"/>
  <testcase classname="executePageClasses.LoginPageTestClass" name="verifySuccessfulLogin" time="12.259"/>
  <testcase classname="executePageClasses.LoginPageTestClass" name="verifyUnSuccessfulLogin" time="6.691"/>
  <testcase classname="executePageClasses.LoginPageTestClass" name="verifyUnSuccessfulLogin" time="6.926"/>
  <testcase classname="executePageClasses.LoginPageTestClass" name="verifyUnSuccessfulLogin" time="12.892"/>
  <testcase classname="executePageClasses.LoginPageTestClass" name="verifyUnSuccessfulLogin" time="13.784"/>
  <testcase classname="executePageClasses.LoginPageTestClass" name="verifyUnSuccessfulLogin" time="11.642"/>
  <testcase classname="executePageClasses.LoginPageTestClass" name="verifyUnSuccessfulLogin" time="13.794"/>
</testsuite> <!-- executePageClasses.LoginPageTestClass -->
