<?xml version="1.0" encoding="UTF-8"?>
<!-- Generated by org.testng.reporters.JUnitReportReporter -->
<testsuite hostname="Anshana" failures="0" tests="10" name="executePageClasses.LoginPageTestClass" time="90.585" errors="0" timestamp="2024-01-18T23:01:44 IST" skipped="0">
  <testcase classname="executePageClasses.LoginPageTestClass" name="verifyThePageOpenWhileHittingUrl" time="12.586"/>
  <testcase classname="executePageClasses.LoginPageTestClass" name="verifyThePageOpenWhileHittingUrl" time="8.562"/>
  <testcase classname="executePageClasses.LoginPageTestClass" name="verifySuccessfulLogin" time="11.083"/>
  <testcase classname="executePageClasses.LoginPageTestClass" name="verifySuccessfulLogin" time="9.668"/>
  <testcase classname="executePageClasses.LoginPageTestClass" name="verifyUnSuccessfulLogin" time="7.782"/>
  <testcase classname="executePageClasses.LoginPageTestClass" name="verifyUnSuccessfulLogin" time="9.674"/>
  <testcase classname="executePageClasses.LoginPageTestClass" name="verifyUnSuccessfulLogin" time="7.275"/>
  <testcase classname="executePageClasses.LoginPageTestClass" name="verifyUnSuccessfulLogin" time="6.931"/>
  <testcase classname="executePageClasses.LoginPageTestClass" name="verifyUnSuccessfulLogin" time="9.477"/>
  <testcase classname="executePageClasses.LoginPageTestClass" name="verifyUnSuccessfulLogin" time="7.547"/>
</testsuite> <!-- executePageClasses.LoginPageTestClass -->
