<?xml version="1.0" encoding="UTF-8"?>
<!-- Generated by org.testng.reporters.JUnitReportReporter -->
<testsuite hostname="Anshana" failures="0" tests="2" name="executePageClasses.FindAPatientTestClass" time="22.082" errors="0" timestamp="2024-01-18T23:01:44 IST" skipped="0">
  <testcase classname="executePageClasses.FindAPatientTestClass" name="verifyToFindAPatient" time="11.042"/>
  <testcase classname="executePageClasses.FindAPatientTestClass" name="verifyToFindAPatient" time="11.040"/>
</testsuite> <!-- executePageClasses.FindAPatientTestClass -->
