<?xml version="1.0" encoding="UTF-8"?>
<!-- Generated by org.testng.reporters.JUnitReportReporter -->
<testsuite hostname="Anshana" failures="0" tests="3" name="executePageClasses.ActiveVisitTestClass" time="132.176" errors="0" timestamp="2024-01-19T13:34:36 IST" skipped="2">
  <testcase classname="executePageClasses.ActiveVisitTestClass" name="verifyThePatientIsInActivevisitPagewhileStartVisit" time="53.817">
    <skipped/>
  </testcase> <!-- verifyThePatientIsInActivevisitPagewhileStartVisit -->
  <testcase classname="executePageClasses.ActiveVisitTestClass" name="verifyThePatientIsInActivevisitPagewhileStartVisit" time="38.950">
    <skipped/>
  </testcase> <!-- verifyThePatientIsInActivevisitPagewhileStartVisit -->
  <testcase classname="executePageClasses.ActiveVisitTestClass" name="verifyThePatientIsInActivevisitPagewhileStartVisit" time="39.409"/>
</testsuite> <!-- executePageClasses.ActiveVisitTestClass -->
