<?xml version="1.0" encoding="UTF-8"?>
<!-- Generated by org.testng.reporters.JUnitReportReporter -->
<testsuite hostname="Anshana" failures="0" tests="4" name="executePageClasses.RegisterAPatientTestClass" time="119.477" errors="0" timestamp="2024-01-11T09:02:56 IST" skipped="0">
  <testcase classname="executePageClasses.RegisterAPatientTestClass" name="verifyRegisterAPatientSuccessfully" time="34.600"/>
  <testcase classname="executePageClasses.RegisterAPatientTestClass" name="verifyThePatientIsNotInActivevisitAfterEndVisit" time="28.685"/>
  <testcase classname="executePageClasses.RegisterAPatientTestClass" name="verifyThePatientIsNotInActivevisitAfterEndVisit" time="35.905"/>
  <testcase classname="executePageClasses.RegisterAPatientTestClass" name="verifyRegisterAPatientSuccessfully" time="20.287"/>
</testsuite> <!-- executePageClasses.RegisterAPatientTestClass -->
