<?xml version="1.0" encoding="UTF-8"?>
<!-- Generated by org.testng.reporters.JUnitReportReporter -->
<testsuite hostname="Anshana" failures="0" tests="2" name="executePageClasses.HomePageTestClass" time="21.974" errors="0" timestamp="2024-01-11T09:20:39 IST" skipped="0">
  <testcase classname="executePageClasses.HomePageTestClass" name="verifySuccessfulLogoutFromHomePage" time="12.757"/>
  <testcase classname="executePageClasses.HomePageTestClass" name="verifyAllTilesAreDisplayedInHomePage" time="9.217"/>
</testsuite> <!-- executePageClasses.HomePageTestClass -->
