<?xml version="1.0" encoding="UTF-8"?>
<!-- Generated by org.testng.reporters.JUnitReportReporter -->
<testsuite hostname="Anshana" failures="0" tests="2" name="executePageClasses.CaptureVitalsTestClass" time="74.784" errors="0" timestamp="2024-01-11T09:02:56 IST" skipped="0">
  <testcase classname="executePageClasses.CaptureVitalsTestClass" name="verifyCaptureVitalsOfPatientSuccessfullyRegistered" time="34.414"/>
  <testcase classname="executePageClasses.CaptureVitalsTestClass" name="verifyCaptureVitalsOfPatientSuccessfullyRegistered" time="40.370"/>
</testsuite> <!-- executePageClasses.CaptureVitalsTestClass -->
