<?xml version="1.0" encoding="UTF-8"?>
<!-- Generated by org.testng.reporters.JUnitReportReporter -->
<testsuite hostname="Anshana" failures="0" tests="2" name="executePageClasses.ActiveVisitTestClass" time="56.640" errors="0" timestamp="2024-01-16T11:07:53 IST" skipped="0">
  <testcase classname="executePageClasses.ActiveVisitTestClass" name="verifyThePatientIsInActivevisitPagewhileStartVisit" time="28.290"/>
  <testcase classname="executePageClasses.ActiveVisitTestClass" name="verifyThePatientIsInActivevisitPagewhileStartVisit" time="28.350"/>
</testsuite> <!-- executePageClasses.ActiveVisitTestClass -->
