<?xml version="1.0" encoding="UTF-8"?>
<!-- Generated by org.testng.reporters.JUnitReportReporter -->
<testsuite hostname="Anshana" failures="0" tests="4" name="executePageClasses.HomePageTestClass" time="40.027" errors="0" timestamp="2024-01-18T23:01:44 IST" skipped="0">
  <testcase classname="executePageClasses.HomePageTestClass" name="verifyAllTilesAreDisplayedInHomePage" time="9.183"/>
  <testcase classname="executePageClasses.HomePageTestClass" name="verifySuccessfulLogoutFromHomePage" time="9.034"/>
  <testcase classname="executePageClasses.HomePageTestClass" name="verifySuccessfulLogoutFromHomePage" time="8.980"/>
  <testcase classname="executePageClasses.HomePageTestClass" name="verifyAllTilesAreDisplayedInHomePage" time="12.830"/>
</testsuite> <!-- executePageClasses.HomePageTestClass -->
