<?xml version="1.0" encoding="UTF-8"?>
<!-- Generated by org.testng.reporters.JUnitReportReporter -->
<testsuite hostname="Anshana" failures="0" tests="2" name="executePageClasses.CaptureVitalsTestClass" time="75.599" errors="0" timestamp="2024-01-18T23:01:44 IST" skipped="0">
  <testcase classname="executePageClasses.CaptureVitalsTestClass" name="verifyCaptureVitalsOfPatientSuccessfullyRegistered" time="36.273"/>
  <testcase classname="executePageClasses.CaptureVitalsTestClass" name="verifyCaptureVitalsOfPatientSuccessfullyRegistered" time="39.326"/>
</testsuite> <!-- executePageClasses.CaptureVitalsTestClass -->
