<?xml version="1.0" encoding="UTF-8"?>
<!-- Generated by org.testng.reporters.JUnitReportReporter -->
<testsuite hostname="Anshana" failures="0" tests="2" name="executePageClasses.FindAPatientTestClass" time="29.694" errors="0" timestamp="2024-01-11T09:02:56 IST" skipped="0">
  <testcase classname="executePageClasses.FindAPatientTestClass" name="verifyToFindAPatient" time="13.153"/>
  <testcase classname="executePageClasses.FindAPatientTestClass" name="verifyToFindAPatient" time="16.541"/>
</testsuite> <!-- executePageClasses.FindAPatientTestClass -->
