<?xml version="1.0" encoding="UTF-8"?>
<!-- Generated by org.testng.reporters.JUnitReportReporter -->
<testsuite hostname="Anshana" failures="0" tests="3" name="executePageClasses.ActiveVisitTestClass" time="90.168" errors="0" timestamp="2024-01-11T09:02:56 IST" skipped="1">
  <testcase classname="executePageClasses.ActiveVisitTestClass" name="verifyThePatientIsInActivevisitPagewhileStartVisit" time="32.323">
    <skipped/>
  </testcase> <!-- verifyThePatientIsInActivevisitPagewhileStartVisit -->
  <testcase classname="executePageClasses.ActiveVisitTestClass" name="verifyThePatientIsInActivevisitPagewhileStartVisit" time="27.366"/>
  <testcase classname="executePageClasses.ActiveVisitTestClass" name="verifyThePatientIsInActivevisitPagewhileStartVisit" time="30.479"/>
</testsuite> <!-- executePageClasses.ActiveVisitTestClass -->
